This is pdfTeX, Version 3.1415926-2.5-1.40.14 (TeX Live 2013/Debian) (format=pdflatex 2017.3.29)  7 NOV 2017 12:15
entering extended mode
 restricted \write18 enabled.
 %&-line parsing enabled.
**dse_report.tex
(./dse_report.tex
LaTeX2e <2011/06/27>
Babel <3.9h> and hyphenation patterns for 78 languages loaded.
(/usr/share/texlive/texmf-dist/tex/latex/base/report.cls
Document Class: report 2007/10/19 v1.4h Standard LaTeX document class
(/usr/share/texlive/texmf-dist/tex/latex/base/size10.clo
File: size10.clo 2007/10/19 v1.4h Standard LaTeX file (size option)
)
\c@part=\count79
\c@chapter=\count80
\c@section=\count81
\c@subsection=\count82
\c@subsubsection=\count83
\c@paragraph=\count84
\c@subparagraph=\count85
\c@figure=\count86
\c@table=\count87
\abovecaptionskip=\skip41
\belowcaptionskip=\skip42
\bibindent=\dimen102
)
(/usr/share/texlive/texmf-dist/tex/latex/geometry/geometry.sty
Package: geometry 2010/09/12 v5.6 Page Geometry

(/usr/share/texlive/texmf-dist/tex/latex/graphics/keyval.sty
Package: keyval 1999/03/16 v1.13 key=value parser (DPC)
\KV@toks@=\toks14
)
(/usr/share/texlive/texmf-dist/tex/generic/oberdiek/ifpdf.sty
Package: ifpdf 2011/01/30 v2.3 Provides the ifpdf switch (HO)
Package ifpdf Info: pdfTeX in PDF mode is detected.
)
(/usr/share/texlive/texmf-dist/tex/generic/oberdiek/ifvtex.sty
Package: ifvtex 2010/03/01 v1.5 Detect VTeX and its facilities (HO)
Package ifvtex Info: VTeX not detected.
)
(/usr/share/texlive/texmf-dist/tex/generic/ifxetex/ifxetex.sty
Package: ifxetex 2010/09/12 v0.6 Provides ifxetex conditional
)
\Gm@cnth=\count88
\Gm@cntv=\count89
\c@Gm@tempcnt=\count90
\Gm@bindingoffset=\dimen103
\Gm@wd@mp=\dimen104
\Gm@odd@mp=\dimen105
\Gm@even@mp=\dimen106
\Gm@layoutwidth=\dimen107
\Gm@layoutheight=\dimen108
\Gm@layouthoffset=\dimen109
\Gm@layoutvoffset=\dimen110
\Gm@dimlist=\toks15
)
(/usr/share/texlive/texmf-dist/tex/latex/graphics/color.sty
Package: color 2005/11/14 v1.0j Standard LaTeX Color (DPC)

(/usr/share/texlive/texmf-dist/tex/latex/latexconfig/color.cfg
File: color.cfg 2007/01/18 v1.5 color configuration of teTeX/TeXLive
)
Package color Info: Driver file: pdftex.def on input line 130.

(/usr/share/texlive/texmf-dist/tex/latex/pdftex-def/pdftex.def
File: pdftex.def 2011/05/27 v0.06d Graphics/color for pdfTeX

(/usr/share/texlive/texmf-dist/tex/generic/oberdiek/infwarerr.sty
Package: infwarerr 2010/04/08 v1.3 Providing info/warning/error messages (HO)
)
(/usr/share/texlive/texmf-dist/tex/generic/oberdiek/ltxcmds.sty
Package: ltxcmds 2011/11/09 v1.22 LaTeX kernel commands for general use (HO)
)
\Gread@gobject=\count91
))
(/usr/share/texlive/texmf-dist/tex/latex/setspace/setspace.sty
Package: setspace 2011/12/19 v6.7a set line spacing
)
(/usr/share/texlive/texmf-dist/tex/latex/datatool/datatool.sty
Package: datatool 2014/02/03 v2.20 (NLCT)

(/usr/share/texlive/texmf-dist/tex/latex/xkeyval/xkeyval.sty
Package: xkeyval 2012/10/14 v2.6b package option processing (HA)

(/usr/share/texlive/texmf-dist/tex/generic/xkeyval/xkeyval.tex
\XKV@toks=\toks16
\XKV@tempa@toks=\toks17
\XKV@depth=\count92
File: xkeyval.tex 2012/10/14 v2.6b key=value parser (HA)
))
(/usr/share/texlive/texmf-dist/tex/latex/base/ifthen.sty
Package: ifthen 2001/05/26 v1.1c Standard LaTeX ifthen package (DPC)
)
(/usr/share/texlive/texmf-dist/tex/latex/xfor/xfor.sty
Package: xfor 2009/02/05 v1.05 (NLCT)
)
(/usr/share/texlive/texmf-dist/tex/latex/substr/substr.sty
Package: substr 2009/10/20 v1.2 Handle substrings
\c@su@anzahl=\count93
)
(/usr/share/texlive/texmf-dist/tex/latex/etoolbox/etoolbox.sty
Package: etoolbox 2011/01/03 v2.1 e-TeX tools for LaTeX

(/usr/share/texlive/texmf-dist/tex/latex/etex-pkg/etex.sty
Package: etex 1998/03/26 v2.0 eTeX basic definition package (PEB)
\et@xins=\count94
)
\etb@tempcnta=\count95
)
(/usr/share/texlive/texmf-dist/tex/latex/datatool/datatool-base.sty
Package: datatool-base 2013/09/06 v2.18 (NLCT)

(/usr/share/texlive/texmf-dist/tex/latex/amsmath/amsmath.sty
Package: amsmath 2013/01/14 v2.14 AMS math features
\@mathmargin=\skip43

For additional information on amsmath, use the `?' option.
(/usr/share/texlive/texmf-dist/tex/latex/amsmath/amstext.sty
Package: amstext 2000/06/29 v2.01

(/usr/share/texlive/texmf-dist/tex/latex/amsmath/amsgen.sty
File: amsgen.sty 1999/11/30 v2.0
\@emptytoks=\toks18
\ex@=\dimen111
))
(/usr/share/texlive/texmf-dist/tex/latex/amsmath/amsbsy.sty
Package: amsbsy 1999/11/29 v1.2d
\pmbraise@=\dimen112
)
(/usr/share/texlive/texmf-dist/tex/latex/amsmath/amsopn.sty
Package: amsopn 1999/12/14 v2.01 operator names
)
\inf@bad=\count96
LaTeX Info: Redefining \frac on input line 210.
\uproot@=\count97
\leftroot@=\count98
LaTeX Info: Redefining \overline on input line 306.
\classnum@=\count99
\DOTSCASE@=\count100
LaTeX Info: Redefining \ldots on input line 378.
LaTeX Info: Redefining \dots on input line 381.
LaTeX Info: Redefining \cdots on input line 466.
\Mathstrutbox@=\box26
\strutbox@=\box27
\big@size=\dimen113
LaTeX Font Info:    Redeclaring font encoding OML on input line 566.
LaTeX Font Info:    Redeclaring font encoding OMS on input line 567.
\macc@depth=\count101
\c@MaxMatrixCols=\count102
\dotsspace@=\muskip10
\c@parentequation=\count103
\dspbrk@lvl=\count104
\tag@help=\toks19
\row@=\count105
\column@=\count106
\maxfields@=\count107
\andhelp@=\toks20
\eqnshift@=\dimen114
\alignsep@=\dimen115
\tagshift@=\dimen116
\tagwidth@=\dimen117
\totwidth@=\dimen118
\lineht@=\dimen119
\@envbody=\toks21
\multlinegap=\skip44
\multlinetaggap=\skip45
\mathdisplay@stack=\toks22
LaTeX Info: Redefining \[ on input line 2665.
LaTeX Info: Redefining \] on input line 2666.
)
(/usr/share/texlive/texmf-dist/tex/latex/datatool/datatool-fp.sty
Package: datatool-fp 2013/08/29 v2.17 (NLCT)

(/usr/share/texlive/texmf-dist/tex/latex/fp/fp.sty
Package: fp 1995/04/02

`Fixed Point Package', Version 0.8, April 2, 1995 (C) Michael Mehlich
(/usr/share/texlive/texmf-dist/tex/latex/fp/defpattern.sty
Package: defpattern 1994/10/12
\actioncount=\count108
)
(/usr/share/texlive/texmf-dist/tex/latex/fp/fp-basic.sty
Package: fp-basic 1996/05/13
\FP@xs=\count109
\FP@xia=\count110
\FP@xib=\count111
\FP@xfa=\count112
\FP@xfb=\count113
\FP@rega=\count114
\FP@regb=\count115
\FP@regs=\count116
\FP@times=\count117
)
(/usr/share/texlive/texmf-dist/tex/latex/fp/fp-addons.sty
Package: fp-addons 1995/03/15
)
(/usr/share/texlive/texmf-dist/tex/latex/fp/fp-snap.sty
Package: fp-snap 1995/04/05
)
(/usr/share/texlive/texmf-dist/tex/latex/fp/fp-exp.sty
Package: fp-exp 1995/04/03
)
(/usr/share/texlive/texmf-dist/tex/latex/fp/fp-trigo.sty
Package: fp-trigo 1995/04/14
)
(/usr/share/texlive/texmf-dist/tex/latex/fp/fp-pas.sty
Package: fp-pas 1994/08/29
)
(/usr/share/texlive/texmf-dist/tex/latex/fp/fp-random.sty
Package: fp-random 1995/02/23
\FPseed=\count118
)
(/usr/share/texlive/texmf-dist/tex/latex/fp/fp-eqn.sty
Package: fp-eqn 1995/04/03
)
(/usr/share/texlive/texmf-dist/tex/latex/fp/fp-upn.sty
Package: fp-upn 1996/10/21
)
(/usr/share/texlive/texmf-dist/tex/latex/fp/fp-eval.sty
Package: fp-eval 1995/04/03
)))
\@dtl@toks=\toks23
\@dtl@tmpcount=\count119
\dtl@tmplength=\skip46
\dtl@sortresult=\count120
\@dtl@numgrpsepcount=\count121
\@dtl@datatype=\count122
\dtl@codeA=\count123
\dtl@codeB=\count124
\@dtl@foreach@level=\count125
)
\dtlcolumnnum=\count126
\dtlrownum=\count127
\@dtl@before=\toks24
\@dtl@after=\toks25
\@dtl@colhead=\toks26
\dtlcurrentrow=\toks27
\dtlbeforerow=\toks28
\dtlafterrow=\toks29
\dtlforeachlevel=\count128
\c@DTLrowi=\count129
\c@DTLrowii=\count130
\c@DTLrowiii=\count131
\c@DTLrow=\count132
\dtl@rowi=\count133
\dtl@rowii=\count134
\dtl@rowiii=\count135
\@dtl@curi=\toks30
\@dtl@previ=\toks31
\@dtl@nexti=\toks32
\@dtl@curii=\toks33
\@dtl@previi=\toks34
\@dtl@nextii=\toks35
\@dtl@curiii=\toks36
\@dtl@previii=\toks37
\@dtl@nextiii=\toks38
\@dtl@elements=\count136
\@dtl@list=\toks39
\@dtl@rowa=\toks40
\@dtl@rowb=\toks41
\@dtl@toksA=\toks42
\@dtl@toksB=\toks43
\@dtl@write=\write3
\@dtl@read=\read1
\dtl@entrycr=\count137
\dtl@omitlines=\count138
)
(/usr/share/texlive/texmf-dist/tex/latex/filecontents/filecontents.sty
Package: filecontents 2011/10/08 v1.3 Create an external file from within a LaT
eX document
)
(/usr/share/texlive/texmf-dist/tex/latex/amsfonts/amsfonts.sty
Package: amsfonts 2013/01/14 v3.01 Basic AMSFonts support
\symAMSa=\mathgroup4
\symAMSb=\mathgroup5
LaTeX Font Info:    Overwriting math alphabet `\mathfrak' in version `bold'
(Font)                  U/euf/m/n --> U/euf/b/n on input line 106.
)
(/usr/share/texlive/texmf-dist/tex/latex/tools/tabularx.sty
Package: tabularx 1999/01/07 v2.07 `tabularx' package (DPC)

(/usr/share/texlive/texmf-dist/tex/latex/tools/array.sty
Package: array 2008/09/09 v2.4c Tabular extension package (FMi)
\col@sep=\dimen120
\extrarowheight=\dimen121
\NC@list=\toks44
\extratabsurround=\skip47
\backup@length=\skip48
)
\TX@col@width=\dimen122
\TX@old@table=\dimen123
\TX@old@col=\dimen124
\TX@target=\dimen125
\TX@delta=\dimen126
\TX@cols=\count139
\TX@ftn=\toks45
)
(/usr/share/texlive/texmf-dist/tex/latex/multirow/multirow.sty
\bigstrutjot=\dimen127
)
(/usr/share/texlive/texmf-dist/tex/latex/graphics/graphicx.sty
Package: graphicx 1999/02/16 v1.0f Enhanced LaTeX Graphics (DPC,SPQR)

(/usr/share/texlive/texmf-dist/tex/latex/graphics/graphics.sty
Package: graphics 2009/02/05 v1.0o Standard LaTeX Graphics (DPC,SPQR)

(/usr/share/texlive/texmf-dist/tex/latex/graphics/trig.sty
Package: trig 1999/03/16 v1.09 sin cos tan (DPC)
)
(/usr/share/texlive/texmf-dist/tex/latex/latexconfig/graphics.cfg
File: graphics.cfg 2010/04/23 v1.9 graphics configuration of TeX Live
)
Package graphics Info: Driver file: pdftex.def on input line 91.
)
\Gin@req@height=\dimen128
\Gin@req@width=\dimen129
)
(/usr/share/texlive/texmf-dist/tex/latex/makecell/makecell.sty
Package: makecell 2009/08/03 V0.1e Managing of Tab Column Heads and Cells
\rotheadsize=\dimen130
\c@nlinenum=\count140
\TeXr@lab=\toks46
)
(/usr/share/texlive/texmf-dist/tex/latex/caption/caption.sty
Package: caption 2013/05/02 v3.3-89 Customizing captions (AR)

(/usr/share/texlive/texmf-dist/tex/latex/caption/caption3.sty
Package: caption3 2013/05/02 v1.6-88 caption3 kernel (AR)
Package caption3 Info: TeX engine: e-TeX on input line 57.
\captionmargin=\dimen131
\captionmargin@=\dimen132
\captionwidth=\dimen133
\caption@tempdima=\dimen134
\caption@indent=\dimen135
\caption@parindent=\dimen136
\caption@hangindent=\dimen137
)
\c@ContinuedFloat=\count141
)
(/usr/share/texlive/texmf-dist/tex/latex/float/float.sty
Package: float 2001/11/08 v1.3d Float enhancements (AL)
\c@float@type=\count142
\float@exts=\toks47
\float@box=\box28
\@float@everytoks=\toks48
\@floatcapt=\box29
) (./dse_report.aux

LaTeX Warning: Label `tab:top3' multiply defined.

)
\openout1 = `dse_report.aux'.

LaTeX Font Info:    Checking defaults for OML/cmm/m/it on input line 19.
LaTeX Font Info:    ... okay on input line 19.
LaTeX Font Info:    Checking defaults for T1/cmr/m/n on input line 19.
LaTeX Font Info:    ... okay on input line 19.
LaTeX Font Info:    Checking defaults for OT1/cmr/m/n on input line 19.
LaTeX Font Info:    ... okay on input line 19.
LaTeX Font Info:    Checking defaults for OMS/cmsy/m/n on input line 19.
LaTeX Font Info:    ... okay on input line 19.
LaTeX Font Info:    Checking defaults for OMX/cmex/m/n on input line 19.
LaTeX Font Info:    ... okay on input line 19.
LaTeX Font Info:    Checking defaults for U/cmr/m/n on input line 19.
LaTeX Font Info:    ... okay on input line 19.

*geometry* driver: auto-detecting
*geometry* detected driver: pdftex
*geometry* verbose mode - [ preamble ] result:
* driver: pdftex
* paper: <default>
* layout: <same size as paper>
* layoutoffset:(h,v)=(0.0pt,0.0pt)
* modes: 
* h-part:(L,W,R)=(72.26999pt, 469.75502pt, 72.26999pt)
* v-part:(T,H,B)=(72.26999pt, 650.43001pt, 72.26999pt)
* \paperwidth=614.295pt
* \paperheight=794.96999pt
* \textwidth=469.75502pt
* \textheight=650.43001pt
* \oddsidemargin=0.0pt
* \evensidemargin=0.0pt
* \topmargin=-37.0pt
* \headheight=12.0pt
* \headsep=25.0pt
* \topskip=10.0pt
* \footskip=30.0pt
* \marginparwidth=65.0pt
* \marginparsep=11.0pt
* \columnsep=10.0pt
* \skip\footins=9.0pt plus 4.0pt minus 2.0pt
* \hoffset=0.0pt
* \voffset=0.0pt
* \mag=1000
* \@twocolumnfalse
* \@twosidefalse
* \@mparswitchfalse
* \@reversemarginfalse
* (1in=72.27pt=25.4mm, 1cm=28.453pt)

(/usr/share/texlive/texmf-dist/tex/context/base/supp-pdf.mkii
[Loading MPS to PDF converter (version 2006.09.02).]
\scratchcounter=\count143
\scratchdimen=\dimen138
\scratchbox=\box30
\nofMPsegments=\count144
\nofMParguments=\count145
\everyMPshowfont=\toks49
\MPscratchCnt=\count146
\MPscratchDim=\dimen139
\MPnumerator=\count147
\makeMPintoPDFobject=\count148
\everyMPtoPDFconversion=\toks50
) (/usr/share/texlive/texmf-dist/tex/generic/oberdiek/pdftexcmds.sty
Package: pdftexcmds 2011/11/29 v0.20 Utility functions of pdfTeX for LuaTeX (HO
)

(/usr/share/texlive/texmf-dist/tex/generic/oberdiek/ifluatex.sty
Package: ifluatex 2010/03/01 v1.3 Provides the ifluatex switch (HO)
Package ifluatex Info: LuaTeX not detected.
)
Package pdftexcmds Info: LuaTeX not detected.
Package pdftexcmds Info: \pdf@primitive is available.
Package pdftexcmds Info: \pdf@ifprimitive is available.
Package pdftexcmds Info: \pdfdraftmode found.
)
(/usr/share/texlive/texmf-dist/tex/latex/oberdiek/epstopdf-base.sty
Package: epstopdf-base 2010/02/09 v2.5 Base part for package epstopdf

(/usr/share/texlive/texmf-dist/tex/latex/oberdiek/grfext.sty
Package: grfext 2010/08/19 v1.1 Manage graphics extensions (HO)

(/usr/share/texlive/texmf-dist/tex/generic/oberdiek/kvdefinekeys.sty
Package: kvdefinekeys 2011/04/07 v1.3 Define keys (HO)
))
(/usr/share/texlive/texmf-dist/tex/latex/oberdiek/kvoptions.sty
Package: kvoptions 2011/06/30 v3.11 Key value format for package options (HO)

(/usr/share/texlive/texmf-dist/tex/generic/oberdiek/kvsetkeys.sty
Package: kvsetkeys 2012/04/25 v1.16 Key value parser (HO)

(/usr/share/texlive/texmf-dist/tex/generic/oberdiek/etexcmds.sty
Package: etexcmds 2011/02/16 v1.5 Avoid name clashes with e-TeX commands (HO)
Package etexcmds Info: Could not find \expanded.
(etexcmds)             That can mean that you are not using pdfTeX 1.50 or
(etexcmds)             that some package has redefined \expanded.
(etexcmds)             In the latter case, load this package earlier.
)))
Package grfext Info: Graphics extension search list:
(grfext)             [.png,.pdf,.jpg,.mps,.jpeg,.jbig2,.jb2,.PNG,.PDF,.JPG,.JPE
G,.JBIG2,.JB2,.eps]
(grfext)             \AppendGraphicsExtensions on input line 452.

(/usr/share/texlive/texmf-dist/tex/latex/latexconfig/epstopdf-sys.cfg
File: epstopdf-sys.cfg 2010/07/13 v1.3 Configuration of (r)epstopdf for TeX Liv
e
))
Package caption Info: Begin \AtBeginDocument code.
Package caption Info: float package is loaded.
Package caption Info: End \AtBeginDocument code.

(./data/teamname.dat)
Underfull \hbox (badness 10000) in paragraph at lines 27--31

 []


Underfull \hbox (badness 10000) in paragraph at lines 27--31

 []

LaTeX Font Info:    Try loading font information for U+msa on input line 34.
(/usr/share/texlive/texmf-dist/tex/latex/amsfonts/umsa.fd
File: umsa.fd 2013/01/14 v3.01 AMS symbols A
)
LaTeX Font Info:    Try loading font information for U+msb on input line 34.

(/usr/share/texlive/texmf-dist/tex/latex/amsfonts/umsb.fd
File: umsb.fd 2013/01/14 v3.01 AMS symbols B
)
(./data/crown_delineation.dat) (./data/crown_alignment.dat)
(./data/species_classification.dat) (./data/t3_rank1.dat) [1

{/var/lib/texmf/fonts/map/pdftex/updmap/pdftex.map}]
Underfull \hbox (badness 10000) in paragraph at lines 47--48

 []

(./data/t1_conmat.dat)
Underfull \hbox (badness 10000) in paragraph at lines 5--52

 []

(./confusionMatrix.pdf_tex
<confusionMatrix.pdf, id=11, 1113.24905pt x 681.30432pt>
File: confusionMatrix.pdf Graphic file (type pdf)

<use confusionMatrix.pdf>
Package pdftex.def Info: confusionMatrix.pdf used on input line 52.
(pdftex.def)             Requested size: 422.77664pt x 258.74239pt.
) <figure/top5_0.jpg, id=12, 321.2pt x 321.2pt>
File: figure/top5_0.jpg Graphic file (type jpg)

<use figure/top5_0.jpg>
Package pdftex.def Info: figure/top5_0.jpg used on input line 72.
(pdftex.def)             Requested size: 130.09018pt x 130.08621pt.
 <figure/top5_1.jpg, id=13, 321.2pt x 321.2pt>
File: figure/top5_1.jpg Graphic file (type jpg)

<use figure/top5_1.jpg>
Package pdftex.def Info: figure/top5_1.jpg used on input line 72.
(pdftex.def)             Requested size: 130.09018pt x 130.08621pt.
 <figure/top5_2.jpg, id=14, 321.2pt x 321.2pt>
File: figure/top5_2.jpg Graphic file (type jpg)

<use figure/top5_2.jpg>
Package pdftex.def Info: figure/top5_2.jpg used on input line 72.
(pdftex.def)             Requested size: 130.09018pt x 130.08621pt.
 <figure/top5_3.jpg, id=15, 321.2pt x 321.2pt>
File: figure/top5_3.jpg Graphic file (type jpg)

<use figure/top5_3.jpg>
Package pdftex.def Info: figure/top5_3.jpg used on input line 73.
(pdftex.def)             Requested size: 130.09018pt x 130.08621pt.
 <figure/top5_4.jpg, id=16, 321.2pt x 321.2pt>
File: figure/top5_4.jpg Graphic file (type jpg)

<use figure/top5_4.jpg>
Package pdftex.def Info: figure/top5_4.jpg used on input line 73.
(pdftex.def)             Requested size: 130.09018pt x 130.08621pt.
 <figure/top5_5.jpg, id=17, 321.2pt x 321.2pt>
File: figure/top5_5.jpg Graphic file (type jpg)

<use figure/top5_5.jpg>
Package pdftex.def Info: figure/top5_5.jpg used on input line 73.
(pdftex.def)             Requested size: 130.09018pt x 130.08621pt.
 <figure/bottom5_0.jpg, id=18, 321.2pt x 321.2pt>
File: figure/bottom5_0.jpg Graphic file (type jpg)

<use figure/bottom5_0.jpg>
Package pdftex.def Info: figure/bottom5_0.jpg used on input line 83.
(pdftex.def)             Requested size: 130.09018pt x 130.08621pt.
 <figure/bottom5_1.jpg, id=19, 244.915pt x 321.2pt>
File: figure/bottom5_1.jpg Graphic file (type jpg)

<use figure/bottom5_1.jpg>
Package pdftex.def Info: figure/bottom5_1.jpg used on input line 83.
(pdftex.def)             Requested size: 99.19376pt x 130.08621pt.
 <figure/bottom5_2.jpg, id=20, 321.2pt x 321.2pt>
File: figure/bottom5_2.jpg Graphic file (type jpg)

<use figure/bottom5_2.jpg>
Package pdftex.def Info: figure/bottom5_2.jpg used on input line 83.
(pdftex.def)             Requested size: 130.09018pt x 130.08621pt.
 <figure/bottom5_3.jpg, id=21, 208.78pt x 321.2pt>
File: figure/bottom5_3.jpg Graphic file (type jpg)

<use figure/bottom5_3.jpg>
Package pdftex.def Info: figure/bottom5_3.jpg used on input line 84.
(pdftex.def)             Requested size: 84.55861pt x 130.08621pt.
 <figure/bottom5_4.jpg, id=22, 321.2pt x 321.2pt>
File: figure/bottom5_4.jpg Graphic file (type jpg)

<use figure/bottom5_4.jpg>
Package pdftex.def Info: figure/bottom5_4.jpg used on input line 84.
(pdftex.def)             Requested size: 130.09018pt x 130.08621pt.
 <figure/bottom5_5.jpg, id=23, 321.2pt x 321.2pt>
File: figure/bottom5_5.jpg Graphic file (type jpg)

<use figure/bottom5_5.jpg>
Package pdftex.def Info: figure/bottom5_5.jpg used on input line 84.
(pdftex.def)             Requested size: 130.09018pt x 130.08621pt.
 [2 <./confusionMatrix.pdf>] [3 <./figure/top5_0.jpg> <./figure/top5_1.jpg> <./
figure/top5_2.jpg> <./figure/top5_3.jpg> <./figure/top5_4.jpg> <./figure/top5_5
.jpg> <./figure/bottom5_0.jpg> <./figure/bottom5_1.jpg> <./figure/bottom5_2.jpg
> <./figure/bottom5_3.jpg> <./figure/bottom5_4.jpg> <./figure/bottom5_5.jpg>] (
./crown_alignment.pdf_tex
<crown_alignment.pdf, id=149, 966.16862pt x 665.56253pt>
File: crown_alignment.pdf Graphic file (type pdf)

<use crown_alignment.pdf>
Package pdftex.def Info: crown_alignment.pdf used on input line 52.
(pdftex.def)             Requested size: 422.77664pt x 291.23367pt.
)
Underfull \hbox (badness 10000) in paragraph at lines 95--102

 []

[4 <./crown_alignment.pdf>] (./data/t3_accuracy.dat) (./data/t3_f1.dat)
(./data/t3_specificity.dat)
LaTeX Font Info:    Try loading font information for OMS+cmr on input line 129.


(/usr/share/texlive/texmf-dist/tex/latex/base/omscmr.fd
File: omscmr.fd 1999/05/25 v2.5h Standard LaTeX font definitions
)
LaTeX Font Info:    Font shape `OMS/cmr/m/n' in size <10> not available
(Font)              Font shape `OMS/cmsy/m/n' tried instead on input line 129.
 [5] (./t2_as.pdf_tex
<t2_as.pdf, id=216, 1170.01117pt x 690.06006pt>
File: t2_as.pdf Graphic file (type pdf)
 <use t2_as.pdf>
Package pdftex.def Info: t2_as.pdf used on input line 52.
(pdftex.def)             Requested size: 469.75502pt x 277.05103pt.
) [6 <./t2_as.pdf>] (./t3_f.pdf_tex <t3_f.pdf, id=279, 1192.57544pt x 702.44936
pt>
File: t3_f.pdf Graphic file (type pdf)

<use t3_f.pdf>
Package pdftex.def Info: t3_f.pdf used on input line 52.
(pdftex.def)             Requested size: 469.75502pt x 276.68736pt.
)
Underfull \hbox (badness 10000) in paragraph at lines 161--171

 []


Underfull \hbox (badness 10000) in paragraph at lines 161--171

 []


Underfull \hbox (badness 10000) in paragraph at lines 161--171

 []

(./t3_p.pdf_tex <t3_p.pdf, id=280, 1192.57544pt x 702.44936pt>
File: t3_p.pdf Graphic file (type pdf)
 <use t3_p.pdf>
Package pdftex.def Info: t3_p.pdf used on input line 52.
(pdftex.def)             Requested size: 469.75502pt x 276.68736pt.
)
[7 <./t3_f.pdf>] (./t3_r.pdf_tex
<t3_r.pdf, id=363, 1192.57544pt x 712.16362pt>
File: t3_r.pdf Graphic file (type pdf)
 <use t3_r.pdf>
Package pdftex.def Info: t3_r.pdf used on input line 52.
(pdftex.def)             Requested size: 469.75502pt x 280.5137pt.
) [8 <./t3_p.pdf> <./t3_r.pdf

pdfTeX warning: pdflatex (file ./t3_r.pdf): PDF inclusion: multiple pdfs with p
age group included in a single page
>] (./data/confusion_matrix.dat)
Underfull \hbox (badness 10000) in paragraph at lines 193--196

 []


Underfull \hbox (badness 10000) in paragraph at lines 193--196

 []

[9] (./dse_report.aux)

LaTeX Warning: There were multiply-defined labels.

 ) 
Here is how much of TeX's memory you used:
 6443 strings out of 493304
 91442 string characters out of 6139871
 216996 words of memory out of 5000000
 9703 multiletter control sequences out of 15000+600000
 7164 words of font info for 28 fonts, out of 8000000 for 9000
 957 hyphenation exceptions out of 8191
 53i,12n,92p,817b,404s stack positions out of 5000i,500n,10000p,200000b,80000s
</usr/share/texlive/texmf-dist/fonts/type1/public/amsfonts/cm/cmbx10.pfb></us
r/share/texlive/texmf-dist/fonts/type1/public/amsfonts/cm/cmbx12.pfb></usr/shar
e/texlive/texmf-dist/fonts/type1/public/amsfonts/cm/cmmi10.pfb></usr/share/texl
ive/texmf-dist/fonts/type1/public/amsfonts/cm/cmmi7.pfb></usr/share/texlive/tex
mf-dist/fonts/type1/public/amsfonts/cm/cmr10.pfb></usr/share/texlive/texmf-dist
/fonts/type1/public/amsfonts/cm/cmr12.pfb></usr/share/texlive/texmf-dist/fonts/
type1/public/amsfonts/cm/cmsy10.pfb></usr/share/texlive/texmf-dist/fonts/type1/
public/amsfonts/symbols/msam10.pfb>
Output written on dse_report.pdf (9 pages, 1103474 bytes).
PDF statistics:
 551 PDF objects out of 1000 (max. 8388607)
 359 compressed objects within 4 object streams
 0 named destinations out of 1000 (max. 500000)
 91 words of extra memory for PDF output out of 10000 (max. 10000000)

